# JRE version: Java(TM) SE Runtime Environment (8.0_40-b25) (build 1.8.0_40-b25)
# Java VM: Java HotSpot(TM) 64-Bit Server VM (25.40-b25 mixed mode linux-amd64 compressed oops)
Heap:
 PSYoungGen      total 684032K, used 358978K [0x0000000743000000, 0x000000077b100000, 0x00000007c0000000)
  eden space 550912K, 65% used [0x0000000743000000,0x0000000758e90b10,0x0000000764a00000)
  from space 133120K, 0% used [0x000000076ed00000,0x000000076ed00000,0x0000000776f00000)
  to   space 166912K, 0% used [0x0000000764a00000,0x0000000764a00000,0x000000076ed00000)
 ParOldGen       total 1577472K, used 1507294K [0x0000000649000000, 0x00000006a9480000, 0x0000000743000000)
  object space 1577472K, 95% used [0x0000000649000000,0x00000006a4ff7850,0x00000006a9480000)
 Metaspace       used 31884K, capacity 32272K, committed 32512K, reserved 1077248K
  class space    used 3681K, capacity 3798K, committed 3840K, reserved 1048576K
GC Heap History (10 events):
Event: 3897,373 GC heap before
{Heap before GC invocations=1553 (full 945):
 PSYoungGen      total 684032K, used 152634K [0x0000000743000000, 0x000000077b100000, 0x00000007c0000000)
  eden space 550912K, 27% used [0x0000000743000000,0x000000074c50e9b0,0x0000000764a00000)
  from space 133120K, 0% used [0x000000076ed00000,0x000000076ed00000,0x0000000776f00000)
  to   space 166912K, 0% used [0x0000000764a00000,0x0000000764a00000,0x000000076ed00000)
 ParOldGen       total 1577472K, used 1506723K [0x0000000649000000, 0x00000006a9480000, 0x0000000743000000)
  object space 1577472K, 95% used [0x0000000649000000,0x00000006a4f68c00,0x00000006a9480000)
 Metaspace       used 31884K, capacity 32272K, committed 32512K, reserved 1077248K
  class space    used 3681K, capacity 3798K, committed 3840K, reserved 1048576K
Event: 3897,485 GC heap after
Heap after GC invocations=1553 (full 945):
 PSYoungGen      total 684032K, used 0K [0x0000000743000000, 0x000000077b100000, 0x00000007c0000000)
  eden space 550912K, 0% used [0x0000000743000000,0x0000000743000000,0x0000000764a00000)
  from space 133120K, 0% used [0x000000076ed00000,0x000000076ed00000,0x0000000776f00000)
  to   space 166912K, 0% used [0x0000000764a00000,0x0000000764a00000,0x000000076ed00000)
 ParOldGen       total 1577472K, used 1507326K [0x0000000649000000, 0x00000006a9480000, 0x0000000743000000)
  object space 1577472K, 95% used [0x0000000649000000,0x00000006a4fffb88,0x00000006a9480000)
 Metaspace       used 31884K, capacity 32272K, committed 32512K, reserved 1077248K
  class space    used 3681K, capacity 3798K, committed 3840K, reserved 1048576K
}
Event: 3901,490 GC heap before
{Heap before GC invocations=1554 (full 946):
 PSYoungGen      total 684032K, used 196177K [0x0000000743000000, 0x000000077b100000, 0x00000007c0000000)
  eden space 550912K, 35% used [0x0000000743000000,0x000000074ef94550,0x0000000764a00000)
  from space 133120K, 0% used [0x000000076ed00000,0x000000076ed00000,0x0000000776f00000)
  to   space 166912K, 0% used [0x0000000764a00000,0x0000000764a00000,0x000000076ed00000)
 ParOldGen       total 1577472K, used 1507326K [0x0000000649000000, 0x00000006a9480000, 0x0000000743000000)
  object space 1577472K, 95% used [0x0000000649000000,0x00000006a4fffb88,0x00000006a9480000)
 Metaspace       used 31884K, capacity 32272K, committed 32512K, reserved 1077248K
  class space    used 3681K, capacity 3798K, committed 3840K, reserved 1048576K
Event: 3901,600 GC heap after
Heap after GC invocations=1554 (full 946):
 PSYoungGen      total 684032K, used 0K [0x0000000743000000, 0x000000077b100000, 0x00000007c0000000)
  eden space 550912K, 0% used [0x0000000743000000,0x0000000743000000,0x0000000764a00000)
  from space 133120K, 0% used [0x000000076ed00000,0x000000076ed00000,0x0000000776f00000)
  to   space 166912K, 0% used [0x0000000764a00000,0x0000000764a00000,0x000000076ed00000)
 ParOldGen       total 1577472K, used 1507344K [0x0000000649000000, 0x00000006a9480000, 0x0000000743000000)
  object space 1577472K, 95% used [0x0000000649000000,0x00000006a5004118,0x00000006a9480000)
 Metaspace       used 31884K, capacity 32272K, committed 32512K, reserved 1077248K
  class space    used 3681K, capacity 3798K, committed 3840K, reserved 1048576K
}
Event: 3905,614 GC heap before
{Heap before GC invocations=1555 (full 947):
 PSYoungGen      total 684032K, used 196177K [0x0000000743000000, 0x000000077b100000, 0x00000007c0000000)
  eden space 550912K, 35% used [0x0000000743000000,0x000000074ef94550,0x0000000764a00000)
  from space 133120K, 0% used [0x000000076ed00000,0x000000076ed00000,0x0000000776f00000)
  to   space 166912K, 0% used [0x0000000764a00000,0x0000000764a00000,0x000000076ed00000)
 ParOldGen       total 1577472K, used 1507344K [0x0000000649000000, 0x00000006a9480000, 0x0000000743000000)
  object space 1577472K, 95% used [0x0000000649000000,0x00000006a5004118,0x00000006a9480000)
 Metaspace       used 31884K, capacity 32272K, committed 32512K, reserved 1077248K
  class space    used 3681K, capacity 3798K, committed 3840K, reserved 1048576K
Event: 3905,723 GC heap after
Heap after GC invocations=1555 (full 947):
 PSYoungGen      total 684032K, used 0K [0x0000000743000000, 0x000000077b100000, 0x00000007c0000000)
  eden space 550912K, 0% used [0x0000000743000000,0x0000000743000000,0x0000000764a00000)
  from space 133120K, 0% used [0x000000076ed00000,0x000000076ed00000,0x0000000776f00000)
  to   space 166912K, 0% used [0x0000000764a00000,0x0000000764a00000,0x000000076ed00000)
 ParOldGen       total 1577472K, used 1507281K [0x0000000649000000, 0x00000006a9480000, 0x0000000743000000)
  object space 1577472K, 95% used [0x0000000649000000,0x00000006a4ff47d8,0x00000006a9480000)
 Metaspace       used 31884K, capacity 32272K, committed 32512K, reserved 1077248K
  class space    used 3681K, capacity 3798K, committed 3840K, reserved 1048576K
}
Event: 3909,723 GC heap before
{Heap before GC invocations=1556 (full 948):
 PSYoungGen      total 684032K, used 283134K [0x0000000743000000, 0x000000077b100000, 0x00000007c0000000)
  eden space 550912K, 51% used [0x0000000743000000,0x000000075447fa78,0x0000000764a00000)
  from space 133120K, 0% used [0x000000076ed00000,0x000000076ed00000,0x0000000776f00000)
  to   space 166912K, 0% used [0x0000000764a00000,0x0000000764a00000,0x000000076ed00000)
 ParOldGen       total 1577472K, used 1507281K [0x0000000649000000, 0x00000006a9480000, 0x0000000743000000)
  object space 1577472K, 95% used [0x0000000649000000,0x00000006a4ff47d8,0x00000006a9480000)
 Metaspace       used 31884K, capacity 32272K, committed 32512K, reserved 1077248K
  class space    used 3681K, capacity 3798K, committed 3840K, reserved 1048576K
Event: 3909,839 GC heap after
Heap after GC invocations=1556 (full 948):
 PSYoungGen      total 684032K, used 0K [0x0000000743000000, 0x000000077b100000, 0x00000007c0000000)
  eden space 550912K, 0% used [0x0000000743000000,0x0000000743000000,0x0000000764a00000)
  from space 133120K, 0% used [0x000000076ed00000,0x000000076ed00000,0x0000000776f00000)
  to   space 166912K, 0% used [0x0000000764a00000,0x0000000764a00000,0x000000076ed00000)
 ParOldGen       total 1577472K, used 1507374K [0x0000000649000000, 0x00000006a9480000, 0x0000000743000000)
  object space 1577472K, 95% used [0x0000000649000000,0x00000006a500ba10,0x00000006a9480000)
 Metaspace       used 31884K, capacity 32272K, committed 32512K, reserved 1077248K
  class space    used 3681K, capacity 3798K, committed 3840K, reserved 1048576K
}
Event: 3913,839 GC heap before
{Heap before GC invocations=1557 (full 949):
 PSYoungGen      total 684032K, used 348741K [0x0000000743000000, 0x000000077b100000, 0x00000007c0000000)
  eden space 550912K, 63% used [0x0000000743000000,0x0000000758491608,0x0000000764a00000)
  from space 133120K, 0% used [0x000000076ed00000,0x000000076ed00000,0x0000000776f00000)
  to   space 166912K, 0% used [0x0000000764a00000,0x0000000764a00000,0x000000076ed00000)
 ParOldGen       total 1577472K, used 1507374K [0x0000000649000000, 0x00000006a9480000, 0x0000000743000000)
  object space 1577472K, 95% used [0x0000000649000000,0x00000006a500ba10,0x00000006a9480000)
 Metaspace       used 31884K, capacity 32272K, committed 32512K, reserved 1077248K
  class space    used 3681K, capacity 3798K, committed 3840K, reserved 1048576K
Event: 3913,950 GC heap after
Heap after GC invocations=1557 (full 949):
 PSYoungGen      total 684032K, used 0K [0x0000000743000000, 0x000000077b100000, 0x00000007c0000000)
  eden space 550912K, 0% used [0x0000000743000000,0x0000000743000000,0x0000000764a00000)
  from space 133120K, 0% used [0x000000076ed00000,0x000000076ed00000,0x0000000776f00000)
  to   space 166912K, 0% used [0x0000000764a00000,0x0000000764a00000,0x000000076ed00000)
 ParOldGen       total 1577472K, used 1507294K [0x0000000649000000, 0x00000006a9480000, 0x0000000743000000)
  object space 1577472K, 95% used [0x0000000649000000,0x00000006a4ff7850,0x00000006a9480000)
 Metaspace       used 31884K, capacity 32272K, committed 32512K, reserved 1077248K
  class space    used 3681K, capacity 3798K, committed 3840K, reserved 1048576K
}

